#
# There is insufficient memory for the Java Runtime Environment to continue.
# Native memory allocation (malloc) failed to allocate 2773136 bytes for Chunk::new
# Possible reasons:
#   The system is out of physical RAM or swap space
#   The process is running with CompressedOops enabled, and the Java Heap may be blocking the growth of the native heap
# Possible solutions:
#   Reduce memory load on the system
#   Increase physical memory or swap space
#   Check if swap backing store is full
#   Decrease Java heap size (-Xmx/-Xms)
#   Decrease number of Java threads
#   Decrease Java thread stack sizes (-Xss)
#   Set larger code cache with -XX:ReservedCodeCacheSize=
#   JVM is running with Zero Based Compressed Oops mode in which the Java heap is
#     placed in the first 32GB address space. The Java Heap base address is the
#     maximum limit for the native heap growth. Please use -XX:HeapBaseMinAddress
#     to set the Java Heap base and to place the Java Heap above 32GB virtual address.
# This output file may be truncated or incomplete.
#
#  Out of Memory Error (./open/src/hotspot/share/memory/arena.cpp:197), pid=238956, tid=239188
#
# JRE version: Java(TM) SE Runtime Environment 18.9 (11.0.16+11) (build 11.0.16+11-LTS-199)
# Java VM: Java HotSpot(TM) 64-Bit Server VM 18.9 (11.0.16+11-LTS-199, mixed mode, tiered, compressed oops, g1 gc, windows-amd64)
# No core dump will be written. Minidumps are not enabled by default on client versions of Windows
#

---------------  S U M M A R Y ------------

Command Line: -javaagent:C:\Users\ANUPOM~1\AppData\Local\Temp\testAgent80180jars\intellij-coverage-agent-1.0.706.jar=C:\Users\ANUPOM~1\AppData\Local\Temp\coverage145754args -Didea.new.sampling.coverage=true -Dcoverage.ignore.private.constructor.util.class=true -javaagent:C:\Program Files\JetBrains\IntelliJ IDEA Community Edition 2023.1.4\lib\idea_rt.jar=59837:C:\Program Files\JetBrains\IntelliJ IDEA Community Edition 2023.1.4\bin -Dfile.encoding=UTF-8 com.example.eshopbackend.eshopbackend.EshopBackendApplication

Host: 11th Gen Intel(R) Core(TM) i5-1135G7 @ 2.40GHz, 8 cores, 15G,  Windows 11 , 64 bit Build 22000 (10.0.22000.2538)
Time: Fri Nov 10 16:53:20 2023 India Standard Time elapsed time: 42.264819 seconds (0d 0h 0m 42s)

---------------  T H R E A D  ---------------

Current thread (0x000001d57faf4800):  JavaThread "C2 CompilerThread0" daemon [_thread_in_native, id=239188, stack(0x0000004806b00000,0x0000004806c00000)]


Current CompileTask:
C2:  42264 5836       4       org.jetbrains.coverage.org.objectweb.asm.ClassReader::readCode (5089 bytes)

Stack: [0x0000004806b00000,0x0000004806c00000]
Native frames: (J=compiled Java code, j=interpreted, Vv=VM code, C=native code)
V  [jvm.dll+0x62a3ea]
V  [jvm.dll+0x76418f]
V  [jvm.dll+0x765839]
V  [jvm.dll+0x765ec3]
V  [jvm.dll+0x23da98]
V  [jvm.dll+0xb2a1c]
V  [jvm.dll+0xb2fdc]
V  [jvm.dll+0x341487]
V  [jvm.dll+0x18cc31]
V  [jvm.dll+0x1f85b2]
V  [jvm.dll+0x1f768d]
V  [jvm.dll+0x177c81]
V  [jvm.dll+0x207006]
V  [jvm.dll+0x20519b]
V  [jvm.dll+0x729fa0]
V  [jvm.dll+0x722b74]
V  [jvm.dll+0x629286]
C  [ucrtbase.dll+0x26c0c]
C  [KERNEL32.DLL+0x153e0]
C  [ntdll.dll+0x485b]


---------------  P R O C E S S  ---------------

Threads class SMR info:
_java_thread_list=0x000001d51a928c20, length=15, elements={
0x000001d575cc7000, 0x000001d57f9f0000, 0x000001d57f9f9800, 0x000001d57fa08000,
0x000001d57fa0b000, 0x000001d57fa0e800, 0x000001d57faf4800, 0x000001d57fb06000,
0x000001d57fb18800, 0x000001d57f9ab000, 0x000001d519909800, 0x000001d51a33d000,
0x000001d51a3f0800, 0x000001d51e554800, 0x000001d51cfa5000
}

Java Threads: ( => current thread )
  0x000001d575cc7000 JavaThread "main" [_thread_blocked, id=237632, stack(0x0000004805f00000,0x0000004806000000)]
  0x000001d57f9f0000 JavaThread "Reference Handler" daemon [_thread_blocked, id=253228, stack(0x0000004806600000,0x0000004806700000)]
  0x000001d57f9f9800 JavaThread "Finalizer" daemon [_thread_blocked, id=65992, stack(0x0000004806700000,0x0000004806800000)]
  0x000001d57fa08000 JavaThread "Signal Dispatcher" daemon [_thread_blocked, id=202068, stack(0x0000004806800000,0x0000004806900000)]
  0x000001d57fa0b000 JavaThread "Attach Listener" daemon [_thread_blocked, id=204852, stack(0x0000004806900000,0x0000004806a00000)]
  0x000001d57fa0e800 JavaThread "Service Thread" daemon [_thread_blocked, id=252752, stack(0x0000004806a00000,0x0000004806b00000)]
=>0x000001d57faf4800 JavaThread "C2 CompilerThread0" daemon [_thread_in_native, id=239188, stack(0x0000004806b00000,0x0000004806c00000)]
  0x000001d57fb06000 JavaThread "C1 CompilerThread0" daemon [_thread_blocked, id=249788, stack(0x0000004806c00000,0x0000004806d00000)]
  0x000001d57fb18800 JavaThread "Sweeper thread" daemon [_thread_blocked, id=151504, stack(0x0000004806d00000,0x0000004806e00000)]
  0x000001d57f9ab000 JavaThread "Common-Cleaner" daemon [_thread_blocked, id=172972, stack(0x0000004806e00000,0x0000004806f00000)]
  0x000001d519909800 JavaThread "Monitor Ctrl-Break" daemon [_thread_in_native, id=250808, stack(0x0000004806f00000,0x0000004807000000)]
  0x000001d51a33d000 JavaThread "Thread-2" [_thread_blocked, id=248760, stack(0x0000004807600000,0x0000004807700000)]
  0x000001d51a3f0800 JavaThread "restartedMain" [_thread_in_native, id=235988, stack(0x0000004807700000,0x0000004807800000)]
  0x000001d51e554800 JavaThread "HikariPool-1 housekeeper" daemon [_thread_blocked, id=242352, stack(0x0000004807d00000,0x0000004807e00000)]
  0x000001d51cfa5000 JavaThread "HikariPool-1 connection adder" daemon [_thread_blocked, id=242948, stack(0x0000004807e00000,0x0000004807f00000)]

Other Threads:
  0x000001d57f9ea800 VMThread "VM Thread" [stack: 0x0000004806500000,0x0000004806600000] [id=176156]
  0x000001d51990a800 WatcherThread [stack: 0x0000004807000000,0x0000004807100000] [id=236844]
  0x000001d575cdb800 GCTaskThread "GC Thread#0" [stack: 0x0000004806000000,0x0000004806100000] [id=255916]
  0x000001d51a317000 GCTaskThread "GC Thread#1" [stack: 0x0000004807100000,0x0000004807200000] [id=8124]
  0x000001d51a318000 GCTaskThread "GC Thread#2" [stack: 0x0000004807200000,0x0000004807300000] [id=244216]
  0x000001d51a318800 GCTaskThread "GC Thread#3" [stack: 0x0000004807300000,0x0000004807400000] [id=252092]
  0x000001d51a319000 GCTaskThread "GC Thread#4" [stack: 0x0000004807400000,0x0000004807500000] [id=244740]
  0x000001d51a326000 GCTaskThread "GC Thread#5" [stack: 0x0000004807500000,0x0000004807600000] [id=248876]
  0x000001d519df1800 GCTaskThread "GC Thread#6" [stack: 0x0000004807900000,0x0000004807a00000] [id=224844]
  0x000001d519d63800 GCTaskThread "GC Thread#7" [stack: 0x0000004807a00000,0x0000004807b00000] [id=242056]
  0x000001d575d3b000 ConcurrentGCThread "G1 Main Marker" [stack: 0x0000004806100000,0x0000004806200000] [id=235640]
  0x000001d575d3f800 ConcurrentGCThread "G1 Conc#0" [stack: 0x0000004806200000,0x0000004806300000] [id=204576]
  0x000001d51a23a000 ConcurrentGCThread "G1 Conc#1" [stack: 0x0000004807b00000,0x0000004807c00000] [id=224476]
  0x000001d57f8d4800 ConcurrentGCThread "G1 Refine#0" [stack: 0x0000004806300000,0x0000004806400000] [id=240104]
  0x000001d57f8d7800 ConcurrentGCThread "G1 Young RemSet Sampling" [stack: 0x0000004806400000,0x0000004806500000] [id=251708]

Threads with active compile tasks:
C2 CompilerThread0    42302 5836       4       org.jetbrains.coverage.org.objectweb.asm.ClassReader::readCode (5089 bytes)

VM state:not at safepoint (normal execution)

VM Mutex/Monitor currently owned by a thread: None

Heap address: 0x0000000703600000, size: 4042 MB, Compressed Oops mode: Zero based, Oop shift amount: 3
Narrow klass base: 0x0000000800000000, Narrow klass shift: 0
Compressed class space size: 1073741824 Address: 0x0000000800000000

Heap:
 garbage-first heap   total 260096K, used 152068K [0x0000000703600000, 0x0000000800000000)
  region size 1024K, 143 young (146432K), 12 survivors (12288K)
 Metaspace       used 57092K, capacity 58383K, committed 58752K, reserved 1099776K
  class space    used 7144K, capacity 7683K, committed 7808K, reserved 1048576K
Heap Regions: E=young(eden), S=young(survivor), O=old, HS=humongous(starts), HC=humongous(continues), CS=collection set, F=free, A=archive, TAMS=top-at-mark-start (previous, next)
|   0|0x0000000703600000, 0x0000000703700000, 0x0000000703700000|100%|HS|  |TAMS 0x0000000703700000, 0x0000000703600000| Complete 
|   1|0x0000000703700000, 0x0000000703800000, 0x0000000703800000|100%| O|  |TAMS 0x0000000703800000, 0x0000000703700000| Untracked 
|   2|0x0000000703800000, 0x0000000703900000, 0x0000000703900000|100%| O|  |TAMS 0x0000000703900000, 0x0000000703800000| Untracked 
|   3|0x0000000703900000, 0x0000000703a00000, 0x0000000703a00000|100%| O|  |TAMS 0x0000000703a00000, 0x0000000703900000| Untracked 
|   4|0x0000000703a00000, 0x0000000703b00000, 0x0000000703b00000|100%| O|  |TAMS 0x0000000703b00000, 0x0000000703a00000| Untracked 
|   5|0x0000000703b00000, 0x0000000703c00000, 0x0000000703c00000|100%| O|  |TAMS 0x0000000703c00000, 0x0000000703b00000| Untracked 
|   6|0x0000000703c00000, 0x0000000703d00000, 0x0000000703d00000|100%| O|  |TAMS 0x0000000703d00000, 0x0000000703c00000| Untracked 
|   7|0x0000000703d00000, 0x0000000703d55000, 0x0000000703e00000| 33%| O|  |TAMS 0x0000000703d55000, 0x0000000703d00000| Untracked 
|   8|0x0000000703e00000, 0x0000000703e00000, 0x0000000703f00000|  0%| F|  |TAMS 0x0000000703e00000, 0x0000000703e00000| Untracked 
|   9|0x0000000703f00000, 0x0000000703f00000, 0x0000000704000000|  0%| F|  |TAMS 0x0000000703f00000, 0x0000000703f00000| Untracked 
|  10|0x0000000704000000, 0x0000000704000000, 0x0000000704100000|  0%| F|  |TAMS 0x0000000704000000, 0x0000000704000000| Untracked 
|  11|0x0000000704100000, 0x0000000704100000, 0x0000000704200000|  0%| F|  |TAMS 0x0000000704100000, 0x0000000704100000| Untracked 
|  12|0x0000000704200000, 0x0000000704200000, 0x0000000704300000|  0%| F|  |TAMS 0x0000000704200000, 0x0000000704200000| Untracked 
|  13|0x0000000704300000, 0x0000000704300000, 0x0000000704400000|  0%| F|  |TAMS 0x0000000704300000, 0x0000000704300000| Untracked 
|  14|0x0000000704400000, 0x0000000704400000, 0x0000000704500000|  0%| F|  |TAMS 0x0000000704400000, 0x0000000704400000| Untracked 
|  15|0x0000000704500000, 0x0000000704500000, 0x0000000704600000|  0%| F|  |TAMS 0x0000000704500000, 0x0000000704500000| Untracked 
|  16|0x0000000704600000, 0x0000000704600000, 0x0000000704700000|  0%| F|  |TAMS 0x0000000704600000, 0x0000000704600000| Untracked 
|  17|0x0000000704700000, 0x0000000704700000, 0x0000000704800000|  0%| F|  |TAMS 0x0000000704700000, 0x0000000704700000| Untracked 
|  18|0x0000000704800000, 0x0000000704800000, 0x0000000704900000|  0%| F|  |TAMS 0x0000000704800000, 0x0000000704800000| Untracked 
|  19|0x0000000704900000, 0x0000000704900000, 0x0000000704a00000|  0%| F|  |TAMS 0x0000000704900000, 0x0000000704900000| Untracked 
|  20|0x0000000704a00000, 0x0000000704a00000, 0x0000000704b00000|  0%| F|  |TAMS 0x0000000704a00000, 0x0000000704a00000| Untracked 
|  21|0x0000000704b00000, 0x0000000704b00000, 0x0000000704c00000|  0%| F|  |TAMS 0x0000000704b00000, 0x0000000704b00000| Untracked 
|  22|0x0000000704c00000, 0x0000000704c00000, 0x0000000704d00000|  0%| F|  |TAMS 0x0000000704c00000, 0x0000000704c00000| Untracked 
|  23|0x0000000704d00000, 0x0000000704d00000, 0x0000000704e00000|  0%| F|  |TAMS 0x0000000704d00000, 0x0000000704d00000| Untracked 
|  24|0x0000000704e00000, 0x0000000704e00000, 0x0000000704f00000|  0%| F|  |TAMS 0x0000000704e00000, 0x0000000704e00000| Untracked 
|  25|0x0000000704f00000, 0x0000000704f00000, 0x0000000705000000|  0%| F|  |TAMS 0x0000000704f00000, 0x0000000704f00000| Untracked 
|  26|0x0000000705000000, 0x0000000705000000, 0x0000000705100000|  0%| F|  |TAMS 0x0000000705000000, 0x0000000705000000| Untracked 
|  27|0x0000000705100000, 0x0000000705100000, 0x0000000705200000|  0%| F|  |TAMS 0x0000000705100000, 0x0000000705100000| Untracked 
|  28|0x0000000705200000, 0x0000000705200000, 0x0000000705300000|  0%| F|  |TAMS 0x0000000705200000, 0x0000000705200000| Untracked 
|  29|0x0000000705300000, 0x0000000705300000, 0x0000000705400000|  0%| F|  |TAMS 0x0000000705300000, 0x0000000705300000| Untracked 
|  30|0x0000000705400000, 0x0000000705400000, 0x0000000705500000|  0%| F|  |TAMS 0x0000000705400000, 0x0000000705400000| Untracked 
|  31|0x0000000705500000, 0x0000000705500000, 0x0000000705600000|  0%| F|  |TAMS 0x0000000705500000, 0x0000000705500000| Untracked 
|  32|0x0000000705600000, 0x0000000705600000, 0x0000000705700000|  0%| F|  |TAMS 0x0000000705600000, 0x0000000705600000| Untracked 
|  33|0x0000000705700000, 0x0000000705700000, 0x0000000705800000|  0%| F|  |TAMS 0x0000000705700000, 0x0000000705700000| Untracked 
|  34|0x0000000705800000, 0x0000000705800000, 0x0000000705900000|  0%| F|  |TAMS 0x0000000705800000, 0x0000000705800000| Untracked 
|  35|0x0000000705900000, 0x0000000705900000, 0x0000000705a00000|  0%| F|  |TAMS 0x0000000705900000, 0x0000000705900000| Untracked 
|  36|0x0000000705a00000, 0x0000000705a00000, 0x0000000705b00000|  0%| F|  |TAMS 0x0000000705a00000, 0x0000000705a00000| Untracked 
|  37|0x0000000705b00000, 0x0000000705b00000, 0x0000000705c00000|  0%| F|  |TAMS 0x0000000705b00000, 0x0000000705b00000| Untracked 
|  38|0x0000000705c00000, 0x0000000705c00000, 0x0000000705d00000|  0%| F|  |TAMS 0x0000000705c00000, 0x0000000705c00000| Untracked 
|  39|0x0000000705d00000, 0x0000000705d00000, 0x0000000705e00000|  0%| F|  |TAMS 0x0000000705d00000, 0x0000000705d00000| Untracked 
|  40|0x0000000705e00000, 0x0000000705e00000, 0x0000000705f00000|  0%| F|  |TAMS 0x0000000705e00000, 0x0000000705e00000| Untracked 
|  41|0x0000000705f00000, 0x0000000705f00000, 0x0000000706000000|  0%| F|  |TAMS 0x0000000705f00000, 0x0000000705f00000| Untracked 
|  42|0x0000000706000000, 0x0000000706000000, 0x0000000706100000|  0%| F|  |TAMS 0x0000000706000000, 0x0000000706000000| Untracked 
|  43|0x0000000706100000, 0x0000000706100000, 0x0000000706200000|  0%| F|  |TAMS 0x0000000706100000, 0x0000000706100000| Untracked 
|  44|0x0000000706200000, 0x0000000706200000, 0x0000000706300000|  0%| F|  |TAMS 0x0000000706200000, 0x0000000706200000| Untracked 
|  45|0x0000000706300000, 0x0000000706300000, 0x0000000706400000|  0%| F|  |TAMS 0x0000000706300000, 0x0000000706300000| Untracked 
|  46|0x0000000706400000, 0x0000000706400000, 0x0000000706500000|  0%| F|  |TAMS 0x0000000706400000, 0x0000000706400000| Untracked 
|  47|0x0000000706500000, 0x0000000706500000, 0x0000000706600000|  0%| F|  |TAMS 0x0000000706500000, 0x0000000706500000| Untracked 
|  48|0x0000000706600000, 0x0000000706600000, 0x0000000706700000|  0%| F|  |TAMS 0x0000000706600000, 0x0000000706600000| Untracked 
|  49|0x0000000706700000, 0x0000000706700000, 0x0000000706800000|  0%| F|  |TAMS 0x0000000706700000, 0x0000000706700000| Untracked 
|  50|0x0000000706800000, 0x0000000706800000, 0x0000000706900000|  0%| F|  |TAMS 0x0000000706800000, 0x0000000706800000| Untracked 
|  51|0x0000000706900000, 0x0000000706900000, 0x0000000706a00000|  0%| F|  |TAMS 0x0000000706900000, 0x0000000706900000| Untracked 
|  52|0x0000000706a00000, 0x0000000706a00000, 0x0000000706b00000|  0%| F|  |TAMS 0x0000000706a00000, 0x0000000706a00000| Untracked 
|  53|0x0000000706b00000, 0x0000000706b00000, 0x0000000706c00000|  0%| F|  |TAMS 0x0000000706b00000, 0x0000000706b00000| Untracked 
|  54|0x0000000706c00000, 0x0000000706c00000, 0x0000000706d00000|  0%| F|  |TAMS 0x0000000706c00000, 0x0000000706c00000| Untracked 
|  55|0x0000000706d00000, 0x0000000706d00000, 0x0000000706e00000|  0%| F|  |TAMS 0x0000000706d00000, 0x0000000706d00000| Untracked 
|  56|0x0000000706e00000, 0x0000000706e00000, 0x0000000706f00000|  0%| F|  |TAMS 0x0000000706e00000, 0x0000000706e00000| Untracked 
|  57|0x0000000706f00000, 0x0000000706f00000, 0x0000000707000000|  0%| F|  |TAMS 0x0000000706f00000, 0x0000000706f00000| Untracked 
|  58|0x0000000707000000, 0x0000000707000000, 0x0000000707100000|  0%| F|  |TAMS 0x0000000707000000, 0x0000000707000000| Untracked 
|  59|0x0000000707100000, 0x0000000707100000, 0x0000000707200000|  0%| F|  |TAMS 0x0000000707100000, 0x0000000707100000| Untracked 
|  60|0x0000000707200000, 0x0000000707200000, 0x0000000707300000|  0%| F|  |TAMS 0x0000000707200000, 0x0000000707200000| Untracked 
|  61|0x0000000707300000, 0x0000000707300000, 0x0000000707400000|  0%| F|  |TAMS 0x0000000707300000, 0x0000000707300000| Untracked 
|  62|0x0000000707400000, 0x0000000707400000, 0x0000000707500000|  0%| F|  |TAMS 0x0000000707400000, 0x0000000707400000| Untracked 
|  63|0x0000000707500000, 0x0000000707500000, 0x0000000707600000|  0%| F|  |TAMS 0x0000000707500000, 0x0000000707500000| Untracked 
|  64|0x0000000707600000, 0x0000000707600000, 0x0000000707700000|  0%| F|  |TAMS 0x0000000707600000, 0x0000000707600000| Untracked 
|  65|0x0000000707700000, 0x0000000707700000, 0x0000000707800000|  0%| F|  |TAMS 0x0000000707700000, 0x0000000707700000| Untracked 
|  66|0x0000000707800000, 0x0000000707800000, 0x0000000707900000|  0%| F|  |TAMS 0x0000000707800000, 0x0000000707800000| Untracked 
|  67|0x0000000707900000, 0x0000000707900000, 0x0000000707a00000|  0%| F|  |TAMS 0x0000000707900000, 0x0000000707900000| Untracked 
|  68|0x0000000707a00000, 0x0000000707a00000, 0x0000000707b00000|  0%| F|  |TAMS 0x0000000707a00000, 0x0000000707a00000| Untracked 
|  69|0x0000000707b00000, 0x0000000707b00000, 0x0000000707c00000|  0%| F|  |TAMS 0x0000000707b00000, 0x0000000707b00000| Untracked 
|  70|0x0000000707c00000, 0x0000000707c00000, 0x0000000707d00000|  0%| F|  |TAMS 0x0000000707c00000, 0x0000000707c00000| Untracked 
|  71|0x0000000707d00000, 0x0000000707d00000, 0x0000000707e00000|  0%| F|  |TAMS 0x0000000707d00000, 0x0000000707d00000| Untracked 
|  72|0x0000000707e00000, 0x0000000707e00000, 0x0000000707f00000|  0%| F|  |TAMS 0x0000000707e00000, 0x0000000707e00000| Untracked 
|  73|0x0000000707f00000, 0x0000000707f00000, 0x0000000708000000|  0%| F|  |TAMS 0x0000000707f00000, 0x0000000707f00000| Untracked 
|  74|0x0000000708000000, 0x0000000708000000, 0x0000000708100000|  0%| F|  |TAMS 0x0000000708000000, 0x0000000708000000| Untracked 
|  75|0x0000000708100000, 0x0000000708100000, 0x0000000708200000|  0%| F|  |TAMS 0x0000000708100000, 0x0000000708100000| Untracked 
|  76|0x0000000708200000, 0x0000000708200000, 0x0000000708300000|  0%| F|  |TAMS 0x0000000708200000, 0x0000000708200000| Untracked 
|  77|0x0000000708300000, 0x0000000708300000, 0x0000000708400000|  0%| F|  |TAMS 0x0000000708300000, 0x0000000708300000| Untracked 
|  78|0x0000000708400000, 0x0000000708400000, 0x0000000708500000|  0%| F|  |TAMS 0x0000000708400000, 0x0000000708400000| Untracked 
|  79|0x0000000708500000, 0x0000000708500000, 0x0000000708600000|  0%| F|  |TAMS 0x0000000708500000, 0x0000000708500000| Untracked 
|  80|0x0000000708600000, 0x0000000708600000, 0x0000000708700000|  0%| F|  |TAMS 0x0000000708600000, 0x0000000708600000| Untracked 
|  81|0x0000000708700000, 0x0000000708700000, 0x0000000708800000|  0%| F|  |TAMS 0x0000000708700000, 0x0000000708700000| Untracked 
|  82|0x0000000708800000, 0x0000000708800000, 0x0000000708900000|  0%| F|  |TAMS 0x0000000708800000, 0x0000000708800000| Untracked 
|  83|0x0000000708900000, 0x0000000708900000, 0x0000000708a00000|  0%| F|  |TAMS 0x0000000708900000, 0x0000000708900000| Untracked 
|  84|0x0000000708a00000, 0x0000000708a00000, 0x0000000708b00000|  0%| F|  |TAMS 0x0000000708a00000, 0x0000000708a00000| Untracked 
|  85|0x0000000708b00000, 0x0000000708b00000, 0x0000000708c00000|  0%| F|  |TAMS 0x0000000708b00000, 0x0000000708b00000| Untracked 
|  86|0x0000000708c00000, 0x0000000708c00000, 0x0000000708d00000|  0%| F|  |TAMS 0x0000000708c00000, 0x0000000708c00000| Untracked 
|  87|0x0000000708d00000, 0x0000000708d00000, 0x0000000708e00000|  0%| F|  |TAMS 0x0000000708d00000, 0x0000000708d00000| Untracked 
|  88|0x0000000708e00000, 0x0000000708e00000, 0x0000000708f00000|  0%| F|  |TAMS 0x0000000708e00000, 0x0000000708e00000| Untracked 
|  89|0x0000000708f00000, 0x0000000708f00000, 0x0000000709000000|  0%| F|  |TAMS 0x0000000708f00000, 0x0000000708f00000| Untracked 
|  90|0x0000000709000000, 0x0000000709000000, 0x0000000709100000|  0%| F|  |TAMS 0x0000000709000000, 0x0000000709000000| Untracked 
|  91|0x0000000709100000, 0x0000000709100000, 0x0000000709200000|  0%| F|  |TAMS 0x0000000709100000, 0x0000000709100000| Untracked 
|  92|0x0000000709200000, 0x0000000709200000, 0x0000000709300000|  0%| F|  |TAMS 0x0000000709200000, 0x0000000709200000| Untracked 
|  93|0x0000000709300000, 0x0000000709300000, 0x0000000709400000|  0%| F|  |TAMS 0x0000000709300000, 0x0000000709300000| Untracked 
|  94|0x0000000709400000, 0x0000000709400000, 0x0000000709500000|  0%| F|  |TAMS 0x0000000709400000, 0x0000000709400000| Untracked 
|  95|0x0000000709500000, 0x0000000709500000, 0x0000000709600000|  0%| F|  |TAMS 0x0000000709500000, 0x0000000709500000| Untracked 
|  96|0x0000000709600000, 0x0000000709600000, 0x0000000709700000|  0%| F|  |TAMS 0x0000000709600000, 0x0000000709600000| Untracked 
|  97|0x0000000709700000, 0x0000000709700000, 0x0000000709800000|  0%| F|  |TAMS 0x0000000709700000, 0x0000000709700000| Untracked 
|  98|0x0000000709800000, 0x0000000709800000, 0x0000000709900000|  0%| F|  |TAMS 0x0000000709800000, 0x0000000709800000| Untracked 
|  99|0x0000000709900000, 0x0000000709900000, 0x0000000709a00000|  0%| F|  |TAMS 0x0000000709900000, 0x0000000709900000| Untracked 
| 100|0x0000000709a00000, 0x0000000709a00000, 0x0000000709b00000|  0%| F|  |TAMS 0x0000000709a00000, 0x0000000709a00000| Untracked 
| 101|0x0000000709b00000, 0x0000000709b00000, 0x0000000709c00000|  0%| F|  |TAMS 0x0000000709b00000, 0x0000000709b00000| Untracked 
| 102|0x0000000709c00000, 0x0000000709c00000, 0x0000000709d00000|  0%| F|  |TAMS 0x0000000709c00000, 0x0000000709c00000| Untracked 
| 103|0x0000000709d00000, 0x0000000709d00000, 0x0000000709e00000|  0%| F|  |TAMS 0x0000000709d00000, 0x0000000709d00000| Untracked 
| 104|0x0000000709e00000, 0x0000000709e00000, 0x0000000709f00000|  0%| F|  |TAMS 0x0000000709e00000, 0x0000000709e00000| Untracked 
| 105|0x0000000709f00000, 0x0000000709f00000, 0x000000070a000000|  0%| F|  |TAMS 0x0000000709f00000, 0x0000000709f00000| Untracked 
| 106|0x000000070a000000, 0x000000070a000000, 0x000000070a100000|  0%| F|  |TAMS 0x000000070a000000, 0x000000070a000000| Untracked 
| 107|0x000000070a100000, 0x000000070a100000, 0x000000070a200000|  0%| F|  |TAMS 0x000000070a100000, 0x000000070a100000| Untracked 
| 108|0x000000070a200000, 0x000000070a200000, 0x000000070a300000|  0%| F|  |TAMS 0x000000070a200000, 0x000000070a200000| Untracked 
| 109|0x000000070a300000, 0x000000070a300000, 0x000000070a400000|  0%| F|  |TAMS 0x000000070a300000, 0x000000070a300000| Untracked 
| 110|0x000000070a400000, 0x000000070a400000, 0x000000070a500000|  0%| F|  |TAMS 0x000000070a400000, 0x000000070a400000| Untracked 
| 111|0x000000070a500000, 0x000000070a580800, 0x000000070a600000| 50%| E|  |TAMS 0x000000070a500000, 0x000000070a500000| Complete 
| 112|0x000000070a600000, 0x000000070a700000, 0x000000070a700000|100%| E|CS|TAMS 0x000000070a600000, 0x000000070a600000| Complete 
| 113|0x000000070a700000, 0x000000070a800000, 0x000000070a800000|100%| E|CS|TAMS 0x000000070a700000, 0x000000070a700000| Complete 
| 114|0x000000070a800000, 0x000000070a900000, 0x000000070a900000|100%| E|CS|TAMS 0x000000070a800000, 0x000000070a800000| Complete 
| 115|0x000000070a900000, 0x000000070aa00000, 0x000000070aa00000|100%| E|CS|TAMS 0x000000070a900000, 0x000000070a900000| Complete 
| 116|0x000000070aa00000, 0x000000070ab00000, 0x000000070ab00000|100%| E|CS|TAMS 0x000000070aa00000, 0x000000070aa00000| Complete 
| 117|0x000000070ab00000, 0x000000070ac00000, 0x000000070ac00000|100%| E|CS|TAMS 0x000000070ab00000, 0x000000070ab00000| Complete 
| 118|0x000000070ac00000, 0x000000070ac2c388, 0x000000070ad00000| 17%| S|CS|TAMS 0x000000070ac00000, 0x000000070ac00000| Complete 
| 119|0x000000070ad00000, 0x000000070ae00000, 0x000000070ae00000|100%| S|CS|TAMS 0x000000070ad00000, 0x000000070ad00000| Complete 
| 120|0x000000070ae00000, 0x000000070af00000, 0x000000070af00000|100%| S|CS|TAMS 0x000000070ae00000, 0x000000070ae00000| Complete 
| 121|0x000000070af00000, 0x000000070b000000, 0x000000070b000000|100%| S|CS|TAMS 0x000000070af00000, 0x000000070af00000| Complete 
| 122|0x000000070b000000, 0x000000070b100000, 0x000000070b100000|100%| S|CS|TAMS 0x000000070b000000, 0x000000070b000000| Complete 
| 123|0x000000070b100000, 0x000000070b200000, 0x000000070b200000|100%| S|CS|TAMS 0x000000070b100000, 0x000000070b100000| Complete 
| 124|0x000000070b200000, 0x000000070b300000, 0x000000070b300000|100%| S|CS|TAMS 0x000000070b200000, 0x000000070b200000| Complete 
| 125|0x000000070b300000, 0x000000070b400000, 0x000000070b400000|100%| S|CS|TAMS 0x000000070b300000, 0x000000070b300000| Complete 
| 126|0x000000070b400000, 0x000000070b500000, 0x000000070b500000|100%| S|CS|TAMS 0x000000070b400000, 0x000000070b400000| Complete 
| 127|0x000000070b500000, 0x000000070b600000, 0x000000070b600000|100%| S|CS|TAMS 0x000000070b500000, 0x000000070b500000| Complete 
| 128|0x000000070b600000, 0x000000070b700000, 0x000000070b700000|100%| S|CS|TAMS 0x000000070b600000, 0x000000070b600000| Complete 
| 129|0x000000070b700000, 0x000000070b800000, 0x000000070b800000|100%| S|CS|TAMS 0x000000070b700000, 0x000000070b700000| Complete 
| 130|0x000000070b800000, 0x000000070b900000, 0x000000070b900000|100%| E|CS|TAMS 0x000000070b800000, 0x000000070b800000| Complete 
| 131|0x000000070b900000, 0x000000070ba00000, 0x000000070ba00000|100%| E|CS|TAMS 0x000000070b900000, 0x000000070b900000| Complete 
| 132|0x000000070ba00000, 0x000000070bb00000, 0x000000070bb00000|100%| E|CS|TAMS 0x000000070ba00000, 0x000000070ba00000| Complete 
| 133|0x000000070bb00000, 0x000000070bc00000, 0x000000070bc00000|100%| E|CS|TAMS 0x000000070bb00000, 0x000000070bb00000| Complete 
| 134|0x000000070bc00000, 0x000000070bd00000, 0x000000070bd00000|100%| E|CS|TAMS 0x000000070bc00000, 0x000000070bc00000| Complete 
| 135|0x000000070bd00000, 0x000000070be00000, 0x000000070be00000|100%| E|CS|TAMS 0x000000070bd00000, 0x000000070bd00000| Complete 
| 136|0x000000070be00000, 0x000000070bf00000, 0x000000070bf00000|100%| E|CS|TAMS 0x000000070be00000, 0x000000070be00000| Complete 
| 137|0x000000070bf00000, 0x000000070c000000, 0x000000070c000000|100%| E|CS|TAMS 0x000000070bf00000, 0x000000070bf00000| Complete 
| 138|0x000000070c000000, 0x000000070c100000, 0x000000070c100000|100%| E|CS|TAMS 0x000000070c000000, 0x000000070c000000| Complete 
| 139|0x000000070c100000, 0x000000070c200000, 0x000000070c200000|100%| E|CS|TAMS 0x000000070c100000, 0x000000070c100000| Complete 
| 140|0x000000070c200000, 0x000000070c300000, 0x000000070c300000|100%| E|CS|TAMS 0x000000070c200000, 0x000000070c200000| Complete 
| 141|0x000000070c300000, 0x000000070c400000, 0x000000070c400000|100%| E|CS|TAMS 0x000000070c300000, 0x000000070c300000| Complete 
| 142|0x000000070c400000, 0x000000070c500000, 0x000000070c500000|100%| E|CS|TAMS 0x000000070c400000, 0x000000070c400000| Complete 
| 143|0x000000070c500000, 0x000000070c600000, 0x000000070c600000|100%| E|CS|TAMS 0x000000070c500000, 0x000000070c500000| Complete 
| 144|0x000000070c600000, 0x000000070c700000, 0x000000070c700000|100%| E|CS|TAMS 0x000000070c600000, 0x000000070c600000| Complete 
| 145|0x000000070c700000, 0x000000070c800000, 0x000000070c800000|100%| E|CS|TAMS 0x000000070c700000, 0x000000070c700000| Complete 
| 146|0x000000070c800000, 0x000000070c900000, 0x000000070c900000|100%| E|CS|TAMS 0x000000070c800000, 0x000000070c800000| Complete 
| 147|0x000000070c900000, 0x000000070ca00000, 0x000000070ca00000|100%| E|CS|TAMS 0x000000070c900000, 0x000000070c900000| Complete 
| 148|0x000000070ca00000, 0x000000070cb00000, 0x000000070cb00000|100%| E|CS|TAMS 0x000000070ca00000, 0x000000070ca00000| Complete 
| 149|0x000000070cb00000, 0x000000070cc00000, 0x000000070cc00000|100%| E|CS|TAMS 0x000000070cb00000, 0x000000070cb00000| Complete 
| 150|0x000000070cc00000, 0x000000070cd00000, 0x000000070cd00000|100%| E|CS|TAMS 0x000000070cc00000, 0x000000070cc00000| Complete 
| 151|0x000000070cd00000, 0x000000070ce00000, 0x000000070ce00000|100%| E|CS|TAMS 0x000000070cd00000, 0x000000070cd00000| Complete 
| 152|0x000000070ce00000, 0x000000070cf00000, 0x000000070cf00000|100%| E|CS|TAMS 0x000000070ce00000, 0x000000070ce00000| Complete 
| 153|0x000000070cf00000, 0x000000070d000000, 0x000000070d000000|100%| E|CS|TAMS 0x000000070cf00000, 0x000000070cf00000| Complete 
| 154|0x000000070d000000, 0x000000070d100000, 0x000000070d100000|100%| E|CS|TAMS 0x000000070d000000, 0x000000070d000000| Complete 
| 155|0x000000070d100000, 0x000000070d200000, 0x000000070d200000|100%| E|CS|TAMS 0x000000070d100000, 0x000000070d100000| Complete 
| 156|0x000000070d200000, 0x000000070d300000, 0x000000070d300000|100%| E|CS|TAMS 0x000000070d200000, 0x000000070d200000| Complete 
| 157|0x000000070d300000, 0x000000070d400000, 0x000000070d400000|100%| E|CS|TAMS 0x000000070d300000, 0x000000070d300000| Complete 
| 158|0x000000070d400000, 0x000000070d500000, 0x000000070d500000|100%| E|CS|TAMS 0x000000070d400000, 0x000000070d400000| Complete 
| 159|0x000000070d500000, 0x000000070d600000, 0x000000070d600000|100%| E|CS|TAMS 0x000000070d500000, 0x000000070d500000| Complete 
| 160|0x000000070d600000, 0x000000070d700000, 0x000000070d700000|100%| E|CS|TAMS 0x000000070d600000, 0x000000070d600000| Complete 
| 161|0x000000070d700000, 0x000000070d800000, 0x000000070d800000|100%| E|CS|TAMS 0x000000070d700000, 0x000000070d700000| Complete 
| 162|0x000000070d800000, 0x000000070d900000, 0x000000070d900000|100%| E|CS|TAMS 0x000000070d800000, 0x000000070d800000| Complete 
| 163|0x000000070d900000, 0x000000070da00000, 0x000000070da00000|100%| E|CS|TAMS 0x000000070d900000, 0x000000070d900000| Complete 
| 164|0x000000070da00000, 0x000000070db00000, 0x000000070db00000|100%| E|CS|TAMS 0x000000070da00000, 0x000000070da00000| Complete 
| 165|0x000000070db00000, 0x000000070dc00000, 0x000000070dc00000|100%| E|CS|TAMS 0x000000070db00000, 0x000000070db00000| Complete 
| 166|0x000000070dc00000, 0x000000070dd00000, 0x000000070dd00000|100%| E|CS|TAMS 0x000000070dc00000, 0x000000070dc00000| Complete 
| 167|0x000000070dd00000, 0x000000070de00000, 0x000000070de00000|100%| E|CS|TAMS 0x000000070dd00000, 0x000000070dd00000| Complete 
| 168|0x000000070de00000, 0x000000070df00000, 0x000000070df00000|100%| E|CS|TAMS 0x000000070de00000, 0x000000070de00000| Complete 
| 169|0x000000070df00000, 0x000000070e000000, 0x000000070e000000|100%| E|CS|TAMS 0x000000070df00000, 0x000000070df00000| Complete 
| 170|0x000000070e000000, 0x000000070e100000, 0x000000070e100000|100%| E|CS|TAMS 0x000000070e000000, 0x000000070e000000| Complete 
| 171|0x000000070e100000, 0x000000070e200000, 0x000000070e200000|100%| E|CS|TAMS 0x000000070e100000, 0x000000070e100000| Complete 
| 172|0x000000070e200000, 0x000000070e300000, 0x000000070e300000|100%| E|CS|TAMS 0x000000070e200000, 0x000000070e200000| Complete 
| 173|0x000000070e300000, 0x000000070e400000, 0x000000070e400000|100%| E|CS|TAMS 0x000000070e300000, 0x000000070e300000| Complete 
| 174|0x000000070e400000, 0x000000070e500000, 0x000000070e500000|100%| E|CS|TAMS 0x000000070e400000, 0x000000070e400000| Complete 
| 175|0x000000070e500000, 0x000000070e600000, 0x000000070e600000|100%| E|CS|TAMS 0x000000070e500000, 0x000000070e500000| Complete 
| 176|0x000000070e600000, 0x000000070e700000, 0x000000070e700000|100%| E|CS|TAMS 0x000000070e600000, 0x000000070e600000| Complete 
| 177|0x000000070e700000, 0x000000070e800000, 0x000000070e800000|100%| E|CS|TAMS 0x000000070e700000, 0x000000070e700000| Complete 
| 178|0x000000070e800000, 0x000000070e900000, 0x000000070e900000|100%| E|CS|TAMS 0x000000070e800000, 0x000000070e800000| Complete 
| 179|0x000000070e900000, 0x000000070ea00000, 0x000000070ea00000|100%| E|CS|TAMS 0x000000070e900000, 0x000000070e900000| Complete 
| 180|0x000000070ea00000, 0x000000070eb00000, 0x000000070eb00000|100%| E|CS|TAMS 0x000000070ea00000, 0x000000070ea00000| Complete 
| 181|0x000000070eb00000, 0x000000070ec00000, 0x000000070ec00000|100%| E|CS|TAMS 0x000000070eb00000, 0x000000070eb00000| Complete 
| 182|0x000000070ec00000, 0x000000070ed00000, 0x000000070ed00000|100%| E|CS|TAMS 0x000000070ec00000, 0x000000070ec00000| Complete 
| 183|0x000000070ed00000, 0x000000070ee00000, 0x000000070ee00000|100%| E|CS|TAMS 0x000000070ed00000, 0x000000070ed00000| Complete 
| 184|0x000000070ee00000, 0x000000070ef00000, 0x000000070ef00000|100%| E|CS|TAMS 0x000000070ee00000, 0x000000070ee00000| Complete 
| 185|0x000000070ef00000, 0x000000070f000000, 0x000000070f000000|100%| E|CS|TAMS 0x000000070ef00000, 0x000000070ef00000| Complete 
| 186|0x000000070f000000, 0x000000070f100000, 0x000000070f100000|100%| E|CS|TAMS 0x000000070f000000, 0x000000070f000000| Complete 
| 187|0x000000070f100000, 0x000000070f200000, 0x000000070f200000|100%| E|CS|TAMS 0x000000070f100000, 0x000000070f100000| Complete 
| 188|0x000000070f200000, 0x000000070f300000, 0x000000070f300000|100%| E|CS|TAMS 0x000000070f200000, 0x000000070f200000| Complete 
| 189|0x000000070f300000, 0x000000070f400000, 0x000000070f400000|100%| E|CS|TAMS 0x000000070f300000, 0x000000070f300000| Complete 
| 190|0x000000070f400000, 0x000000070f500000, 0x000000070f500000|100%| E|CS|TAMS 0x000000070f400000, 0x000000070f400000| Complete 
| 191|0x000000070f500000, 0x000000070f600000, 0x000000070f600000|100%| E|CS|TAMS 0x000000070f500000, 0x000000070f500000| Complete 
| 192|0x000000070f600000, 0x000000070f700000, 0x000000070f700000|100%| E|CS|TAMS 0x000000070f600000, 0x000000070f600000| Complete 
| 193|0x000000070f700000, 0x000000070f800000, 0x000000070f800000|100%| E|CS|TAMS 0x000000070f700000, 0x000000070f700000| Complete 
| 194|0x000000070f800000, 0x000000070f900000, 0x000000070f900000|100%| E|CS|TAMS 0x000000070f800000, 0x000000070f800000| Complete 
| 195|0x000000070f900000, 0x000000070fa00000, 0x000000070fa00000|100%| E|CS|TAMS 0x000000070f900000, 0x000000070f900000| Complete 
| 196|0x000000070fa00000, 0x000000070fb00000, 0x000000070fb00000|100%| E|CS|TAMS 0x000000070fa00000, 0x000000070fa00000| Complete 
| 197|0x000000070fb00000, 0x000000070fc00000, 0x000000070fc00000|100%| E|CS|TAMS 0x000000070fb00000, 0x000000070fb00000| Complete 
| 198|0x000000070fc00000, 0x000000070fd00000, 0x000000070fd00000|100%| E|CS|TAMS 0x000000070fc00000, 0x000000070fc00000| Complete 
| 199|0x000000070fd00000, 0x000000070fe00000, 0x000000070fe00000|100%| E|CS|TAMS 0x000000070fd00000, 0x000000070fd00000| Complete 
| 200|0x000000070fe00000, 0x000000070ff00000, 0x000000070ff00000|100%| E|CS|TAMS 0x000000070fe00000, 0x000000070fe00000| Complete 
| 201|0x000000070ff00000, 0x0000000710000000, 0x0000000710000000|100%| E|CS|TAMS 0x000000070ff00000, 0x000000070ff00000| Complete 
| 202|0x0000000710000000, 0x0000000710100000, 0x0000000710100000|100%| E|CS|TAMS 0x0000000710000000, 0x0000000710000000| Complete 
| 203|0x0000000710100000, 0x0000000710200000, 0x0000000710200000|100%| E|CS|TAMS 0x0000000710100000, 0x0000000710100000| Complete 
| 204|0x0000000710200000, 0x0000000710300000, 0x0000000710300000|100%| E|CS|TAMS 0x0000000710200000, 0x0000000710200000| Complete 
| 205|0x0000000710300000, 0x0000000710400000, 0x0000000710400000|100%| E|CS|TAMS 0x0000000710300000, 0x0000000710300000| Complete 
| 206|0x0000000710400000, 0x0000000710500000, 0x0000000710500000|100%| E|CS|TAMS 0x0000000710400000, 0x0000000710400000| Complete 
| 207|0x0000000710500000, 0x0000000710600000, 0x0000000710600000|100%| E|CS|TAMS 0x0000000710500000, 0x0000000710500000| Complete 
| 208|0x0000000710600000, 0x0000000710700000, 0x0000000710700000|100%| E|CS|TAMS 0x0000000710600000, 0x0000000710600000| Complete 
| 209|0x0000000710700000, 0x0000000710800000, 0x0000000710800000|100%| E|CS|TAMS 0x0000000710700000, 0x0000000710700000| Complete 
| 210|0x0000000710800000, 0x0000000710900000, 0x0000000710900000|100%| E|CS|TAMS 0x0000000710800000, 0x0000000710800000| Complete 
| 211|0x0000000710900000, 0x0000000710a00000, 0x0000000710a00000|100%| E|CS|TAMS 0x0000000710900000, 0x0000000710900000| Complete 
| 212|0x0000000710a00000, 0x0000000710b00000, 0x0000000710b00000|100%| E|CS|TAMS 0x0000000710a00000, 0x0000000710a00000| Complete 
| 213|0x0000000710b00000, 0x0000000710c00000, 0x0000000710c00000|100%| E|CS|TAMS 0x0000000710b00000, 0x0000000710b00000| Complete 
| 214|0x0000000710c00000, 0x0000000710d00000, 0x0000000710d00000|100%| E|CS|TAMS 0x0000000710c00000, 0x0000000710c00000| Complete 
| 215|0x0000000710d00000, 0x0000000710e00000, 0x0000000710e00000|100%| E|CS|TAMS 0x0000000710d00000, 0x0000000710d00000| Complete 
| 216|0x0000000710e00000, 0x0000000710f00000, 0x0000000710f00000|100%| E|CS|TAMS 0x0000000710e00000, 0x0000000710e00000| Complete 
| 217|0x0000000710f00000, 0x0000000711000000, 0x0000000711000000|100%| E|CS|TAMS 0x0000000710f00000, 0x0000000710f00000| Complete 
| 218|0x0000000711000000, 0x0000000711100000, 0x0000000711100000|100%| E|CS|TAMS 0x0000000711000000, 0x0000000711000000| Complete 
| 219|0x0000000711100000, 0x0000000711200000, 0x0000000711200000|100%| E|CS|TAMS 0x0000000711100000, 0x0000000711100000| Complete 
| 220|0x0000000711200000, 0x0000000711300000, 0x0000000711300000|100%| E|CS|TAMS 0x0000000711200000, 0x0000000711200000| Complete 
| 221|0x0000000711300000, 0x0000000711400000, 0x0000000711400000|100%| E|CS|TAMS 0x0000000711300000, 0x0000000711300000| Complete 
| 222|0x0000000711400000, 0x0000000711500000, 0x0000000711500000|100%| E|CS|TAMS 0x0000000711400000, 0x0000000711400000| Complete 
| 223|0x0000000711500000, 0x0000000711600000, 0x0000000711600000|100%| E|CS|TAMS 0x0000000711500000, 0x0000000711500000| Complete 
| 224|0x0000000711600000, 0x0000000711700000, 0x0000000711700000|100%| E|CS|TAMS 0x0000000711600000, 0x0000000711600000| Complete 
| 225|0x0000000711700000, 0x0000000711800000, 0x0000000711800000|100%| E|CS|TAMS 0x0000000711700000, 0x0000000711700000| Complete 
| 226|0x0000000711800000, 0x0000000711900000, 0x0000000711900000|100%| E|CS|TAMS 0x0000000711800000, 0x0000000711800000| Complete 
| 227|0x0000000711900000, 0x0000000711a00000, 0x0000000711a00000|100%| E|CS|TAMS 0x0000000711900000, 0x0000000711900000| Complete 
| 228|0x0000000711a00000, 0x0000000711b00000, 0x0000000711b00000|100%| E|CS|TAMS 0x0000000711a00000, 0x0000000711a00000| Complete 
| 229|0x0000000711b00000, 0x0000000711c00000, 0x0000000711c00000|100%| E|CS|TAMS 0x0000000711b00000, 0x0000000711b00000| Complete 
| 230|0x0000000711c00000, 0x0000000711d00000, 0x0000000711d00000|100%| E|CS|TAMS 0x0000000711c00000, 0x0000000711c00000| Complete 
| 231|0x0000000711d00000, 0x0000000711e00000, 0x0000000711e00000|100%| E|CS|TAMS 0x0000000711d00000, 0x0000000711d00000| Complete 
| 232|0x0000000711e00000, 0x0000000711f00000, 0x0000000711f00000|100%| E|CS|TAMS 0x0000000711e00000, 0x0000000711e00000| Complete 
| 233|0x0000000711f00000, 0x0000000712000000, 0x0000000712000000|100%| E|CS|TAMS 0x0000000711f00000, 0x0000000711f00000| Complete 
| 234|0x0000000712000000, 0x0000000712100000, 0x0000000712100000|100%| E|CS|TAMS 0x0000000712000000, 0x0000000712000000| Complete 
| 235|0x0000000712100000, 0x0000000712200000, 0x0000000712200000|100%| E|CS|TAMS 0x0000000712100000, 0x0000000712100000| Complete 
| 236|0x0000000712200000, 0x0000000712300000, 0x0000000712300000|100%| E|CS|TAMS 0x0000000712200000, 0x0000000712200000| Complete 
| 237|0x0000000712300000, 0x0000000712400000, 0x0000000712400000|100%| E|CS|TAMS 0x0000000712300000, 0x0000000712300000| Complete 
| 238|0x0000000712400000, 0x0000000712500000, 0x0000000712500000|100%| E|CS|TAMS 0x0000000712400000, 0x0000000712400000| Complete 
| 239|0x0000000712500000, 0x0000000712600000, 0x0000000712600000|100%| E|CS|TAMS 0x0000000712500000, 0x0000000712500000| Complete 
| 240|0x0000000712600000, 0x0000000712700000, 0x0000000712700000|100%| E|CS|TAMS 0x0000000712600000, 0x0000000712600000| Complete 
| 241|0x0000000712700000, 0x0000000712800000, 0x0000000712800000|100%| E|CS|TAMS 0x0000000712700000, 0x0000000712700000| Complete 
| 242|0x0000000712800000, 0x0000000712900000, 0x0000000712900000|100%| E|CS|TAMS 0x0000000712800000, 0x0000000712800000| Complete 
| 243|0x0000000712900000, 0x0000000712a00000, 0x0000000712a00000|100%| E|CS|TAMS 0x0000000712900000, 0x0000000712900000| Complete 
| 244|0x0000000712a00000, 0x0000000712b00000, 0x0000000712b00000|100%| E|CS|TAMS 0x0000000712a00000, 0x0000000712a00000| Complete 
| 245|0x0000000712b00000, 0x0000000712c00000, 0x0000000712c00000|100%| E|CS|TAMS 0x0000000712b00000, 0x0000000712b00000| Complete 
| 246|0x0000000712c00000, 0x0000000712d00000, 0x0000000712d00000|100%| E|CS|TAMS 0x0000000712c00000, 0x0000000712c00000| Complete 
| 247|0x0000000712d00000, 0x0000000712e00000, 0x0000000712e00000|100%| E|CS|TAMS 0x0000000712d00000, 0x0000000712d00000| Complete 
| 248|0x0000000712e00000, 0x0000000712f00000, 0x0000000712f00000|100%| E|CS|TAMS 0x0000000712e00000, 0x0000000712e00000| Complete 
| 249|0x0000000712f00000, 0x0000000713000000, 0x0000000713000000|100%| E|CS|TAMS 0x0000000712f00000, 0x0000000712f00000| Complete 
| 250|0x0000000713000000, 0x0000000713100000, 0x0000000713100000|100%| E|CS|TAMS 0x0000000713000000, 0x0000000713000000| Complete 
| 251|0x0000000713100000, 0x0000000713200000, 0x0000000713200000|100%| E|CS|TAMS 0x0000000713100000, 0x0000000713100000| Complete 
| 252|0x0000000713200000, 0x0000000713300000, 0x0000000713300000|100%| E|CS|TAMS 0x0000000713200000, 0x0000000713200000| Complete 
| 253|0x0000000713300000, 0x0000000713400000, 0x0000000713400000|100%| E|CS|TAMS 0x0000000713300000, 0x0000000713300000| Complete 

Card table byte_map: [0x000001d57de90000,0x000001d57e680000] _byte_map_base: 0x000001d57a675000

Marking Bits (Prev, Next): (CMBitMap*) 0x000001d575d2aa70, (CMBitMap*) 0x000001d575d2aa38
 Prev Bits: [0x000001d512f30000, 0x000001d516e58000)
 Next Bits: [0x000001d50f000000, 0x000001d512f28000)

Polling page: 0x000001d5754a0000

Metaspace:

Usage:
  Non-class:     49.51 MB capacity,    48.78 MB ( 99%) used,   591.11 KB (  1%) free+waste,   160.88 KB ( <1%) overhead. 
      Class:      7.50 MB capacity,     6.98 MB ( 93%) used,   461.55 KB (  6%) free+waste,    77.38 KB (  1%) overhead. 
       Both:     57.01 MB capacity,    55.75 MB ( 98%) used,     1.03 MB (  2%) free+waste,   238.25 KB ( <1%) overhead. 

Virtual space:
  Non-class space:       50.00 MB reserved,      49.75 MB (>99%) committed 
      Class space:        1.00 GB reserved,       7.63 MB ( <1%) committed 
             Both:        1.05 GB reserved,      57.38 MB (  5%) committed 

Chunk freelists:
   Non-Class:  6.50 KB
       Class:  0 bytes
        Both:  6.50 KB

CodeHeap 'non-profiled nmethods': size=120000Kb used=3618Kb max_used=3618Kb free=116381Kb
 bounds [0x000001d507ad0000, 0x000001d507e60000, 0x000001d50f000000]
CodeHeap 'profiled nmethods': size=120000Kb used=13466Kb max_used=13466Kb free=106533Kb
 bounds [0x000001d5005a0000, 0x000001d5012d0000, 0x000001d507ad0000]
CodeHeap 'non-nmethods': size=5760Kb used=1225Kb max_used=1267Kb free=4534Kb
 bounds [0x000001d500000000, 0x000001d500270000, 0x000001d5005a0000]
 total_blobs=6631 nmethods=6073 adapters=468
 compilation: enabled
              stopped_count=0, restarted_count=0
 full_count=0

Compilation events (10 events):
Event: 42.065 Thread 0x000001d57fb06000 6152       3       org.hibernate.mapping.Property::isOptional (20 bytes)
Event: 42.065 Thread 0x000001d57fb06000 nmethod 6152 0x000001d5012c3d90 code [0x000001d5012c3f40, 0x000001d5012c4328]
Event: 42.237 Thread 0x000001d57fb06000 6153       3       java.io.InputStream::read (9 bytes)
Event: 42.238 Thread 0x000001d57fb06000 nmethod 6153 0x000001d5012c4410 code [0x000001d5012c45c0, 0x000001d5012c4788]
Event: 42.242 Thread 0x000001d57fb06000 6154       3       org.hibernate.boot.model.naming.Identifier::render (42 bytes)
Event: 42.243 Thread 0x000001d57fb06000 nmethod 6154 0x000001d5012c4890 code [0x000001d5012c4ae0, 0x000001d5012c54b8]
Event: 42.243 Thread 0x000001d57fb06000 6155       3       java.util.logging.Logger::log (44 bytes)
Event: 42.243 Thread 0x000001d57fb06000 nmethod 6155 0x000001d5012c5790 code [0x000001d5012c5980, 0x000001d5012c6018]
Event: 42.248 Thread 0x000001d57fb06000 6157       3       org.postgresql.util.internal.Nullness::castNonNull (22 bytes)
Event: 42.249 Thread 0x000001d57fb06000 nmethod 6157 0x000001d5012c6210 code [0x000001d5012c63a0, 0x000001d5012c6498]

GC Heap History (10 events):
Event: 10.801 GC heap before
{Heap before GC invocations=0 (full 0):
 garbage-first heap   total 260096K, used 25600K [0x0000000703600000, 0x0000000800000000)
  region size 1024K, 24 young (24576K), 0 survivors (0K)
 Metaspace       used 11750K, capacity 11929K, committed 12288K, reserved 1060864K
  class space    used 1118K, capacity 1168K, committed 1280K, reserved 1048576K
}
Event: 10.870 GC heap after
{Heap after GC invocations=1 (full 0):
 garbage-first heap   total 260096K, used 7178K [0x0000000703600000, 0x0000000800000000)
  region size 1024K, 3 young (3072K), 3 survivors (3072K)
 Metaspace       used 11750K, capacity 11929K, committed 12288K, reserved 1060864K
  class space    used 1118K, capacity 1168K, committed 1280K, reserved 1048576K
}
Event: 14.618 GC heap before
{Heap before GC invocations=1 (full 0):
 garbage-first heap   total 260096K, used 63498K [0x0000000703600000, 0x0000000800000000)
  region size 1024K, 59 young (60416K), 3 survivors (3072K)
 Metaspace       used 20715K, capacity 21151K, committed 21248K, reserved 1069056K
  class space    used 2280K, capacity 2482K, committed 2560K, reserved 1048576K
}
Event: 14.654 GC heap after
{Heap after GC invocations=2 (full 0):
 garbage-first heap   total 260096K, used 9581K [0x0000000703600000, 0x0000000800000000)
  region size 1024K, 6 young (6144K), 6 survivors (6144K)
 Metaspace       used 20715K, capacity 21151K, committed 21248K, reserved 1069056K
  class space    used 2280K, capacity 2482K, committed 2560K, reserved 1048576K
}
Event: 16.485 GC heap before
{Heap before GC invocations=3 (full 0):
 garbage-first heap   total 260096K, used 52589K [0x0000000703600000, 0x0000000800000000)
  region size 1024K, 49 young (50176K), 6 survivors (6144K)
 Metaspace       used 25639K, capacity 26233K, committed 26496K, reserved 1073152K
  class space    used 2873K, capacity 3132K, committed 3200K, reserved 1048576K
}
Event: 16.490 GC heap after
{Heap after GC invocations=4 (full 0):
 garbage-first heap   total 260096K, used 11242K [0x0000000703600000, 0x0000000800000000)
  region size 1024K, 4 young (4096K), 4 survivors (4096K)
 Metaspace       used 25639K, capacity 26233K, committed 26496K, reserved 1073152K
  class space    used 2873K, capacity 3132K, committed 3200K, reserved 1048576K
}
Event: 18.276 GC heap before
{Heap before GC invocations=5 (full 0):
 garbage-first heap   total 260096K, used 87018K [0x0000000703600000, 0x0000000800000000)
  region size 1024K, 78 young (79872K), 4 survivors (4096K)
 Metaspace       used 30355K, capacity 31160K, committed 31488K, reserved 1077248K
  class space    used 3416K, capacity 3729K, committed 3840K, reserved 1048576K
}
Event: 18.281 GC heap after
{Heap after GC invocations=6 (full 0):
 garbage-first heap   total 260096K, used 13833K [0x0000000703600000, 0x0000000800000000)
  region size 1024K, 7 young (7168K), 7 survivors (7168K)
 Metaspace       used 30355K, capacity 31160K, committed 31488K, reserved 1077248K
  class space    used 3416K, capacity 3729K, committed 3840K, reserved 1048576K
}
Event: 39.560 GC heap before
{Heap before GC invocations=6 (full 0):
 garbage-first heap   total 260096K, used 132617K [0x0000000703600000, 0x0000000800000000)
  region size 1024K, 124 young (126976K), 7 survivors (7168K)
 Metaspace       used 42896K, capacity 44010K, committed 44160K, reserved 1087488K
  class space    used 5154K, capacity 5636K, committed 5760K, reserved 1048576K
}
Event: 39.573 GC heap after
{Heap after GC invocations=7 (full 0):
 garbage-first heap   total 260096K, used 18948K [0x0000000703600000, 0x0000000800000000)
  region size 1024K, 12 young (12288K), 12 survivors (12288K)
 Metaspace       used 42896K, capacity 44010K, committed 44160K, reserved 1087488K
  class space    used 5154K, capacity 5636K, committed 5760K, reserved 1048576K
}

Deoptimization events (10 events):
Event: 40.506 Thread 0x000001d51cfa5000 Uncommon trap: reason=unstable_if action=reinterpret pc=0x000001d507d5b6bc method=sun.security.provider.SHA2.implDigest([BI)V @ 21 c2
Event: 40.506 Thread 0x000001d51cfa5000 Uncommon trap: reason=unstable_if action=reinterpret pc=0x000001d507d5c468 method=sun.security.provider.SHA2.implDigest([BI)V @ 21 c2
Event: 40.513 Thread 0x000001d51cfa5000 Uncommon trap: reason=unstable_if action=reinterpret pc=0x000001d507d5e234 method=com.sun.crypto.provider.PBKDF2KeyImpl.deriveKey(Ljavax/crypto/Mac;[B[BII)[B @ 172 c2
Event: 40.676 Thread 0x000001d51a3f0800 Uncommon trap: reason=bimorphic_or_optimized_type_check action=maybe_recompile pc=0x000001d507d56240 method=sun.security.provider.DigestBase.engineUpdate([BII)V @ 128 c2
Event: 40.676 Thread 0x000001d51a3f0800 Uncommon trap: reason=predicate action=maybe_recompile pc=0x000001d507d56398 method=sun.security.provider.DigestBase.implCompressMultiBlock0([BII)I @ 2 c2
Event: 40.686 Thread 0x000001d51a3f0800 Uncommon trap: reason=predicate action=maybe_recompile pc=0x000001d507cd1a00 method=java.util.AbstractCollection.toArray([Ljava/lang/Object;)[Ljava/lang/Object; @ 43 c2
Event: 41.738 Thread 0x000001d51a3f0800 Uncommon trap: reason=class_check action=maybe_recompile pc=0x000001d507df2b94 method=net.bytebuddy.description.type.TypeDefinition$Sort.describe(Ljava/lang/reflect/Type;Lnet/bytebuddy/description/type/TypeDescription$Generic$AnnotationReader;)Lnet/bytebu
Event: 41.844 Thread 0x000001d51a3f0800 Uncommon trap: reason=unstable_if action=reinterpret pc=0x000001d507d092fc method=java.util.jar.JarFile.getVersionedEntry(Ljava/lang/String;Ljava/util/jar/JarEntry;)Ljava/util/jar/JarEntry; @ 67 c2
Event: 41.916 Thread 0x000001d51a3f0800 Uncommon trap: reason=class_check action=make_not_entrant pc=0x000001d507e2a0e8 method=java.util.ArrayList.toArray([Ljava/lang/Object;)[Ljava/lang/Object; @ 21 c2
Event: 41.942 Thread 0x000001d51a3f0800 Uncommon trap: reason=unstable_if action=reinterpret pc=0x000001d507b8548c method=java.util.HashMap.putVal(ILjava/lang/Object;Ljava/lang/Object;ZZ)Ljava/lang/Object; @ 162 c2

Classes redefined (0 events):
No events

Internal exceptions (10 events):
Event: 22.065 Thread 0x000001d51a3f0800 Exception <a 'java/lang/ClassNotFoundException'{0x000000070e734928}: org/springframework/beans/factory/config/PropertiesFactoryBeanCustomizer> (0x000000070e734928) thrown at [./open/src/hotspot/share/classfile/systemDictionary.cpp, line 226]
Event: 22.066 Thread 0x000001d51a3f0800 Exception <a 'java/lang/ClassNotFoundException'{0x000000070e75f5a0}: org/springframework/beans/factory/FactoryBeanCustomizer> (0x000000070e75f5a0) thrown at [./open/src/hotspot/share/classfile/systemDictionary.cpp, line 226]
Event: 22.067 Thread 0x000001d51a3f0800 Exception <a 'java/lang/ClassNotFoundException'{0x000000070e77ca78}: org/springframework/beans/factory/InitializingBeanCustomizer> (0x000000070e77ca78) thrown at [./open/src/hotspot/share/classfile/systemDictionary.cpp, line 226]
Event: 25.686 Thread 0x000001d51a3f0800 Implicit null exception at 0x000001d507c551ef to 0x000001d507c55580
Event: 39.874 Thread 0x000001d51a3f0800 Implicit null exception at 0x000001d507cadeec to 0x000001d507cadf94
Event: 40.054 Thread 0x000001d51a3f0800 Exception <a 'sun/nio/fs/WindowsException'{0x00000007124e71b0}> (0x00000007124e71b0) thrown at [./open/src/hotspot/share/prims/jni.cpp, line 611]
Event: 40.297 Thread 0x000001d51a3f0800 Exception <a 'java/lang/NoSuchMethodError'{0x0000000711bfb3b8}: java.lang.invoke.DirectMethodHandle$Holder.invokeStaticInit(Ljava/lang/Object;Ljava/lang/Object;Ljava/lang/Object;Ljava/lang/Object;)Ljava/lang/Object;> (0x0000000711bfb3b8) thrown at [./open
Event: 40.818 Thread 0x000001d51a3f0800 Exception <a 'java/lang/NoSuchMethodError'{0x0000000710382000}: java.lang.invoke.DirectMethodHandle$Holder.newInvokeSpecial(Ljava/lang/Object;Ljava/lang/Object;ILjava/lang/Object;Ljava/lang/Object;)Ljava/lang/Object;> (0x0000000710382000) thrown at [./ope
Event: 41.787 Thread 0x000001d51a3f0800 Exception <a 'java/lang/NoSuchMethodError'{0x000000070cdee750}: java.lang.invoke.DirectMethodHandle$Holder.invokeInterface(Ljava/lang/Object;Ljava/lang/Object;)V> (0x000000070cdee750) thrown at [./open/src/hotspot/share/interpreter/linkResolver.cpp, line 
Event: 41.815 Thread 0x000001d51a3f0800 Exception <a 'java/lang/NoSuchMethodError'{0x000000070cb067a0}: java.lang.invoke.DirectMethodHandle$Holder.invokeStaticInit(Ljava/lang/Object;Ljava/lang/Object;Ljava/lang/Object;Ljava/lang/Object;II)Ljava/lang/Object;> (0x000000070cb067a0) thrown at [./op

Events (10 events):
Event: 42.247 loading class org/hibernate/engine/jdbc/env/internal/NormalizingIdentifierHelperImpl$1
Event: 42.247 loading class org/hibernate/engine/jdbc/env/internal/NormalizingIdentifierHelperImpl$1 done
Event: 42.248 loading class java/sql/ResultSet
Event: 42.248 loading class java/sql/ResultSet done
Event: 42.248 loading class java/sql/ResultSet
Event: 42.248 loading class java/sql/ResultSet done
Event: 42.248 loading class java/sql/ResultSet
Event: 42.248 loading class java/sql/ResultSet done
Event: 42.248 loading class org/hibernate/tool/schema/extract/internal/AbstractInformationExtractorImpl
Event: 42.248 loading class org/hibernate/tool/schema/extract/internal/AbstractInformationExtractorImpl done


Dynamic libraries:
0x00007ff601870000 - 0x00007ff60187f000 	C:\Program Files\Java\jdk-11.0.16\bin\java.exe
0x00007ffe62120000 - 0x00007ffe62329000 	C:\Windows\SYSTEM32\ntdll.dll
0x00007ffe60340000 - 0x00007ffe603fd000 	C:\Windows\System32\KERNEL32.DLL
0x00007ffe5f3f0000 - 0x00007ffe5f774000 	C:\Windows\System32\KERNELBASE.dll
0x00007ffe5f140000 - 0x00007ffe5f251000 	C:\Windows\System32\ucrtbase.dll
0x00007ffe2d670000 - 0x00007ffe2d685000 	C:\Program Files\Java\jdk-11.0.16\bin\VCRUNTIME140.dll
0x00007ffe350e0000 - 0x00007ffe350f8000 	C:\Program Files\Java\jdk-11.0.16\bin\jli.dll
0x00007ffe60290000 - 0x00007ffe6033e000 	C:\Windows\System32\ADVAPI32.dll
0x00007ffe60c70000 - 0x00007ffe60d13000 	C:\Windows\System32\msvcrt.dll
0x00007ffe60e30000 - 0x00007ffe60ece000 	C:\Windows\System32\sechost.dll
0x00007ffe60f60000 - 0x00007ffe61081000 	C:\Windows\System32\RPCRT4.dll
0x00007ffe61e40000 - 0x00007ffe61fed000 	C:\Windows\System32\USER32.dll
0x00007ffe51880000 - 0x00007ffe51b25000 	C:\Windows\WinSxS\amd64_microsoft.windows.common-controls_6595b64144ccf1df_6.0.22000.120_none_9d947278b86cc467\COMCTL32.dll
0x00007ffe5ef40000 - 0x00007ffe5ef66000 	C:\Windows\System32\win32u.dll
0x00007ffe61ca0000 - 0x00007ffe61cca000 	C:\Windows\System32\GDI32.dll
0x00007ffe5fb30000 - 0x00007ffe5fc4e000 	C:\Windows\System32\gdi32full.dll
0x00007ffe60670000 - 0x00007ffe6067a000 	C:\Windows\System32\VERSION.dll
0x00007ffe5f2e0000 - 0x00007ffe5f37d000 	C:\Windows\System32\msvcp_win.dll
0x00007ffe60a00000 - 0x00007ffe60a31000 	C:\Windows\System32\IMM32.DLL
0x00007ffe1eff0000 - 0x00007ffe1f08b000 	C:\Program Files\Java\jdk-11.0.16\bin\msvcp140.dll
0x00007ffe3a800000 - 0x00007ffe3b318000 	C:\Program Files\Java\jdk-11.0.16\bin\server\jvm.dll
0x00007ffe60400000 - 0x00007ffe60409000 	C:\Windows\System32\WSOCK32.dll
0x00007ffe60c00000 - 0x00007ffe60c6f000 	C:\Windows\System32\WS2_32.dll
0x00007ffe5fc50000 - 0x00007ffe5fc58000 	C:\Windows\System32\PSAPI.DLL
0x00007ffe589f0000 - 0x00007ffe58a23000 	C:\Windows\SYSTEM32\WINMM.dll
0x00007ffe5e040000 - 0x00007ffe5e058000 	C:\Windows\SYSTEM32\kernel.appcore.dll
0x00007ffe3cc80000 - 0x00007ffe3cc90000 	C:\Program Files\Java\jdk-11.0.16\bin\verify.dll
0x00007ffe5c220000 - 0x00007ffe5c441000 	C:\Windows\SYSTEM32\DBGHELP.DLL
0x00007ffe436a0000 - 0x00007ffe436d1000 	C:\Windows\SYSTEM32\dbgcore.DLL
0x00007ffe5f260000 - 0x00007ffe5f2df000 	C:\Windows\System32\bcryptPrimitives.dll
0x00007ffe3b3a0000 - 0x00007ffe3b3c8000 	C:\Program Files\Java\jdk-11.0.16\bin\java.dll
0x00007ffe3b440000 - 0x00007ffe3b44a000 	C:\Program Files\Java\jdk-11.0.16\bin\jimage.dll
0x00007ffe578e0000 - 0x00007ffe578ee000 	C:\Program Files\Java\jdk-11.0.16\bin\instrument.dll
0x00007ffe3a390000 - 0x00007ffe3a3a6000 	C:\Program Files\Java\jdk-11.0.16\bin\zip.dll
0x00007ffe61210000 - 0x00007ffe619d5000 	C:\Windows\System32\SHELL32.dll
0x00007ffe5cfc0000 - 0x00007ffe5d822000 	C:\Windows\SYSTEM32\windows.storage.dll
0x00007ffe60680000 - 0x00007ffe609f6000 	C:\Windows\System32\combase.dll
0x00007ffe5ccf0000 - 0x00007ffe5ce57000 	C:\Windows\SYSTEM32\wintypes.dll
0x00007ffe61d40000 - 0x00007ffe61e2a000 	C:\Windows\System32\SHCORE.dll
0x00007ffe610d0000 - 0x00007ffe6112d000 	C:\Windows\System32\shlwapi.dll
0x00007ffe5ee60000 - 0x00007ffe5ee85000 	C:\Windows\SYSTEM32\profapi.dll
0x00007ffe3a510000 - 0x00007ffe3a529000 	C:\Program Files\Java\jdk-11.0.16\bin\net.dll
0x00007ffe59ef0000 - 0x00007ffe5a004000 	C:\Windows\SYSTEM32\WINHTTP.dll
0x00007ffe5e540000 - 0x00007ffe5e5a7000 	C:\Windows\system32\mswsock.dll
0x00007ffe39960000 - 0x00007ffe39972000 	C:\Program Files\Java\jdk-11.0.16\bin\nio.dll
0x00007ffe578b0000 - 0x00007ffe578ca000 	C:\Program Files\JetBrains\IntelliJ IDEA Community Edition 2023.1.4\bin\breakgen64.dll
0x00007ffe38560000 - 0x00007ffe38569000 	C:\Program Files\Java\jdk-11.0.16\bin\management.dll
0x00007ffe373e0000 - 0x00007ffe373eb000 	C:\Program Files\Java\jdk-11.0.16\bin\management_ext.dll
0x00007ffe3a370000 - 0x00007ffe3a387000 	C:\Windows\system32\napinsp.dll
0x00007ffe3a350000 - 0x00007ffe3a36b000 	C:\Windows\system32\pnrpnsp.dll
0x00007ffe5dba0000 - 0x00007ffe5dc87000 	C:\Windows\SYSTEM32\DNSAPI.dll
0x00007ffe5db70000 - 0x00007ffe5db9d000 	C:\Windows\SYSTEM32\IPHLPAPI.DLL
0x00007ffe61090000 - 0x00007ffe61099000 	C:\Windows\System32\NSI.dll
0x00007ffe39eb0000 - 0x00007ffe39ec2000 	C:\Windows\System32\winrnr.dll
0x00007ffe39c40000 - 0x00007ffe39c55000 	C:\Windows\system32\wshbth.dll
0x00007ffe39c20000 - 0x00007ffe39c3f000 	C:\Windows\system32\nlansp_c.dll
0x00007ffe56280000 - 0x00007ffe5628a000 	C:\Windows\System32\rasadhlp.dll
0x00007ffe56290000 - 0x00007ffe56311000 	C:\Windows\System32\fwpuclnt.dll
0x00007ffe5e780000 - 0x00007ffe5e798000 	C:\Windows\SYSTEM32\CRYPTSP.dll
0x00007ffe5df80000 - 0x00007ffe5dfb5000 	C:\Windows\system32\rsaenh.dll
0x00007ffe5e630000 - 0x00007ffe5e65c000 	C:\Windows\SYSTEM32\USERENV.dll
0x00007ffe5e900000 - 0x00007ffe5e927000 	C:\Windows\SYSTEM32\bcrypt.dll
0x00007ffe5e7a0000 - 0x00007ffe5e7ac000 	C:\Windows\SYSTEM32\CRYPTBASE.dll
0x00007ffe58530000 - 0x00007ffe58549000 	C:\Windows\SYSTEM32\dhcpcsvc6.DLL
0x00007ffe58d00000 - 0x00007ffe58d1e000 	C:\Windows\SYSTEM32\dhcpcsvc.DLL
0x00007ffe2f270000 - 0x00007ffe2f27d000 	C:\Program Files\Java\jdk-11.0.16\bin\sunmscapi.dll
0x00007ffe5efd0000 - 0x00007ffe5f132000 	C:\Windows\System32\CRYPT32.dll
0x00007ffe5e8d0000 - 0x00007ffe5e8f8000 	C:\Windows\SYSTEM32\ncrypt.dll
0x00007ffe5e890000 - 0x00007ffe5e8c7000 	C:\Windows\SYSTEM32\NTASN1.dll
0x00007ffe2f240000 - 0x00007ffe2f265000 	C:\Program Files\Java\jdk-11.0.16\bin\sunec.dll

dbghelp: loaded successfully - version: 4.0.5 - missing functions: none
symbol engine: initialized successfully - sym options: 0x614 - pdb path: .;C:\Program Files\Java\jdk-11.0.16\bin;C:\Windows\SYSTEM32;C:\Windows\WinSxS\amd64_microsoft.windows.common-controls_6595b64144ccf1df_6.0.22000.120_none_9d947278b86cc467;C:\Program Files\Java\jdk-11.0.16\bin\server;C:\Program Files\JetBrains\IntelliJ IDEA Community Edition 2023.1.4\bin

VM Arguments:
jvm_args: -javaagent:C:\Users\ANUPOM~1\AppData\Local\Temp\testAgent80180jars\intellij-coverage-agent-1.0.706.jar=C:\Users\ANUPOM~1\AppData\Local\Temp\coverage145754args -Didea.new.sampling.coverage=true -Dcoverage.ignore.private.constructor.util.class=true -javaagent:C:\Program Files\JetBrains\IntelliJ IDEA Community Edition 2023.1.4\lib\idea_rt.jar=59837:C:\Program Files\JetBrains\IntelliJ IDEA Community Edition 2023.1.4\bin -Dfile.encoding=UTF-8 
java_command: com.example.eshopbackend.eshopbackend.EshopBackendApplication
java_class_path (initial): E:\Sumit\Tutorial\Splitter-0.9.27.jar;E:\Sumit\Tutorial\GitHub Project\eshop-backend\target\classes;C:\Users\Anupom Das\.m2\repository\org\springframework\boot\spring-boot-starter-mail\2.7.15\spring-boot-starter-mail-2.7.15.jar;C:\Users\Anupom Das\.m2\repository\org\springframework\boot\spring-boot-starter\2.7.15\spring-boot-starter-2.7.15.jar;C:\Users\Anupom Das\.m2\repository\org\springframework\boot\spring-boot-starter-logging\2.7.15\spring-boot-starter-logging-2.7.15.jar;C:\Users\Anupom Das\.m2\repository\ch\qos\logback\logback-classic\1.2.12\logback-classic-1.2.12.jar;C:\Users\Anupom Das\.m2\repository\ch\qos\logback\logback-core\1.2.12\logback-core-1.2.12.jar;C:\Users\Anupom Das\.m2\repository\org\apache\logging\log4j\log4j-to-slf4j\2.17.2\log4j-to-slf4j-2.17.2.jar;C:\Users\Anupom Das\.m2\repository\org\apache\logging\log4j\log4j-api\2.17.2\log4j-api-2.17.2.jar;C:\Users\Anupom Das\.m2\repository\org\slf4j\jul-to-slf4j\1.7.36\jul-to-slf4j-1.7.36.jar;C:\Users\Anupom Das\.m2\repository\jakarta\annotation\jakarta.annotation-api\1.3.5\jakarta.annotation-api-1.3.5.jar;C:\Users\Anupom Das\.m2\repository\org\yaml\snakeyaml\1.30\snakeyaml-1.30.jar;C:\Users\Anupom Das\.m2\repository\org\springframework\spring-context-support\5.3.29\spring-context-support-5.3.29.jar;C:\Users\Anupom Das\.m2\repository\org\springframework\spring-beans\5.3.29\spring-beans-5.3.29.jar;C:\Users\Anupom Das\.m2\repository\org\springframework\spring-context\5.3.29\spring-context-5.3.29.jar;C:\Users\Anupom Das\.m2\repository\com\sun\mail\jakarta.mail\1.6.7\jakarta.mail-1.6.7.jar;C:\Users\Anupom Das\.m2\repository\com\sun\activation\jakarta.activation\1.2.2\jakarta.activation-1.2.2.jar;C:\Users\Anupom Das\.m2\repository\org\springframework\boot\spring-boot-starter-security\2.7.15\spring-boot-starter-security-2.7.15.jar;C:\Users\Anupom Das\.m2\repository\org\springframework\spring-aop\5.3.29\spring-aop-5.3.29.jar;C:\Users\Anupom Das\.m2\repository\org\springframework\sec
Launcher Type: SUN_STANDARD

[Global flags]
     intx CICompilerCount                          = 4                                         {product} {ergonomic}
     uint ConcGCThreads                            = 2                                         {product} {ergonomic}
     uint G1ConcRefinementThreads                  = 8                                         {product} {ergonomic}
   size_t G1HeapRegionSize                         = 1048576                                   {product} {ergonomic}
    uintx GCDrainStackTargetSize                   = 64                                        {product} {ergonomic}
   size_t InitialHeapSize                          = 266338304                                 {product} {ergonomic}
   size_t MarkStackSize                            = 4194304                                   {product} {ergonomic}
   size_t MaxHeapSize                              = 4238344192                                {product} {ergonomic}
   size_t MaxNewSize                               = 2542796800                                {product} {ergonomic}
   size_t MinHeapDeltaBytes                        = 1048576                                   {product} {ergonomic}
    uintx NonNMethodCodeHeapSize                   = 5836300                                {pd product} {ergonomic}
    uintx NonProfiledCodeHeapSize                  = 122910970                              {pd product} {ergonomic}
    uintx ProfiledCodeHeapSize                     = 122910970                              {pd product} {ergonomic}
    uintx ReservedCodeCacheSize                    = 251658240                              {pd product} {ergonomic}
     bool SegmentedCodeCache                       = true                                      {product} {ergonomic}
     bool UseCompressedClassPointers               = true                                 {lp64_product} {ergonomic}
     bool UseCompressedOops                        = true                                 {lp64_product} {ergonomic}
     bool UseG1GC                                  = true                                      {product} {ergonomic}
     bool UseLargePagesIndividualAllocation        = false                                  {pd product} {ergonomic}

Logging:
Log output configuration:
 #0: stdout all=warning uptime,level,tags
 #1: stderr all=off uptime,level,tags

Environment Variables:
JAVA_HOME=C:\Program Files\Java\jdk-11.0.16
PATH=C:\Windows\system32;C:\Windows;C:\Windows\system32\Wbem;C:\Program Files\Common Files\Oracle\Java\javapath;C:\Python310\Scripts\;C:\Python310\;C:\Windows\System32\WindowsPowerShell\v1.0\;C:\Windows\System32\OpenSSH\;C:\Program Files\Git\cmd;C:\ProgramData\chocolatey\bin;C:\Program Files\SourceGear\Common\DiffMerge\;C:\Users\Anupom Das\AppData\Roaming\nvm;C:\Program Files\nodejs;C:\Program Files\MySQL\MySQL Shell 8.0\bin\;C:\Users\Anupom Das\AppData\Local\Microsoft\WindowsApps;C:\Users\Anupom Das\AppData\Local\Programs\Microsoft VS Code\bin;C:\Users\Anupom Das\AppData\Roaming\npm;C:\Users\Anupom Das\AppData\Roaming\nvm;C:\Program Files\nodejs;C:\Program Files (x86)\BrowserStackLocal\
USERNAME=Sumit Giri
OS=Windows_NT
PROCESSOR_IDENTIFIER=Intel64 Family 6 Model 140 Stepping 1, GenuineIntel



---------------  S Y S T E M  ---------------

OS: Windows 11 , 64 bit Build 22000 (10.0.22000.2538)

CPU:total 8 (initial active 8) (4 cores per cpu, 2 threads per core) family 6 model 140 stepping 1 microcode 0x9a, cmov, cx8, fxsr, mmx, sse, sse2, sse3, ssse3, sse4.1, sse4.2, popcnt, avx, avx2, aes, clmul, erms, 3dnowpref, lzcnt, ht, tsc, tscinvbit, bmi1, bmi2, adx, evex, sha, fma

Memory: 4k page, system-wide physical 16167M (164M free)
TotalPageFile size 44555M (AvailPageFile size 26M)
current process WorkingSet (physical memory assigned to process): 339M, peak: 343M
current process commit charge ("private bytes"): 491M, peak: 493M

vm_info: Java HotSpot(TM) 64-Bit Server VM (11.0.16+11-LTS-199) for windows-amd64 JRE (11.0.16+11-LTS-199), built on Jun 28 2022 08:23:17 by "mach5one" with MS VC++ 15.9 (VS2017)

END.
